<?xml version="1.0" encoding="utf-8"?><testsuites name="pytest tests"><testsuite name="pytest" errors="0" failures="0" skipped="0" tests="7" time="2.647" timestamp="2026-08-08T20:40:29.928756+00:00" hostname="agent-env-73aba357-c620-4283-b8bf-0db4a8c06bda"><testcase classname="tests.test_pick_tickets" name="test_root_health" time="0.342" /><testcase classname="tests.test_pick_tickets" name="test_check_empty_returns_no_prints" time="0.049" /><testcase classname="tests.test_pick_tickets" name="test_check_unknown_tos" time="0.052" /><testcase classname="tests.test_pick_tickets" name="test_create_and_list_pick_ticket" time="0.092" /><testcase classname="tests.test_pick_tickets" name="test_check_returns_previous_prints_after_create" time="0.392" /><testcase classname="tests.test_pick_tickets" name="test_list_sorted_desc" time="0.738" /><testcase classname="tests.test_pick_tickets" name="test_double_print_same_tos_flagged" time="0.198" /></testsuite></testsuites>